app/build/intermediates/manifest_merge_blame_file/debug/manifest-merger-blame-debug-report.txt
1<?xml version="1.0" encoding="utf-8"?>
2<manifest xmlns:android="http://schemas.android.com/apk/res/android"
3    package="com.cadenza.shoeapp"
4    android:versionCode="1"
5    android:versionName="1.0" >
6
7    <uses-sdk
8        android:minSdkVersion="22"
8-->src\main\AndroidManifest.xml
9        android:targetSdkVersion="32" />
9-->src\main\AndroidManifest.xml
10
11    <uses-permission android:name="android.permission.INTERNET" />
11-->src\main\AndroidManifest.xml:5:5-67
11-->src\main\AndroidManifest.xml:5:22-64
12    <uses-permission android:name="android.permission.READ_EXTERNAL_STORAGE" />
12-->src\main\AndroidManifest.xml:6:5-80
12-->src\main\AndroidManifest.xml:6:22-77
13    <uses-permission android:name="android.permission.ACCESS_NETWORK_STATE" />
13-->[com.google.firebase:firebase-auth:21.0.3] AndroidManifest.xml:24:5-79
13-->[com.google.firebase:firebase-auth:21.0.3] AndroidManifest.xml:24:22-76
14    <uses-permission android:name="android.permission.WAKE_LOCK" />
14-->[com.google.android.gms:play-services-measurement-api:20.1.2] AndroidManifest.xml:24:5-68
14-->[com.google.android.gms:play-services-measurement-api:20.1.2] AndroidManifest.xml:24:22-65
15    <uses-permission android:name="com.google.android.gms.permission.AD_ID" />
15-->[com.google.android.gms:play-services-measurement-api:20.1.2] AndroidManifest.xml:25:5-79
15-->[com.google.android.gms:play-services-measurement-api:20.1.2] AndroidManifest.xml:25:22-76
16    <uses-permission android:name="com.google.android.finsky.permission.BIND_GET_INSTALL_REFERRER_SERVICE" />
16-->[com.google.android.gms:play-services-measurement:20.1.2] AndroidManifest.xml:26:5-110
16-->[com.google.android.gms:play-services-measurement:20.1.2] AndroidManifest.xml:26:22-107
17
18    <application
18-->src\main\AndroidManifest.xml:8:5-87:19
19        android:allowBackup="true"
19-->src\main\AndroidManifest.xml:9:9-35
20        android:appComponentFactory="androidx.core.app.CoreComponentFactory"
20-->[androidx.core:core:1.7.0] AndroidManifest.xml:24:18-86
21        android:debuggable="true"
22        android:icon="@mipmap/ic_launcher"
22-->src\main\AndroidManifest.xml:10:9-43
23        android:label="@string/app_name"
23-->src\main\AndroidManifest.xml:11:9-41
24        android:roundIcon="@mipmap/ic_launcher_round"
24-->src\main\AndroidManifest.xml:12:9-54
25        android:supportsRtl="true"
25-->src\main\AndroidManifest.xml:13:9-35
26        android:testOnly="true"
27        android:theme="@style/Theme.ShoeApp" >
27-->src\main\AndroidManifest.xml:14:9-45
28        <activity
28-->src\main\AndroidManifest.xml:15:9-24:20
29            android:name="com.cadenza.shoeapp.profilePart.Open_Menu"
29-->src\main\AndroidManifest.xml:16:13-50
30            android:exported="true" >
30-->src\main\AndroidManifest.xml:17:13-36
31            <intent-filter>
31-->src\main\AndroidManifest.xml:18:13-22:29
32                <action android:name="android.intent.action.MAIN" />
32-->src\main\AndroidManifest.xml:19:17-69
32-->src\main\AndroidManifest.xml:19:25-66
33
34                <category android:name="android.intent.category.LAUNCHER" />
34-->src\main\AndroidManifest.xml:21:17-77
34-->src\main\AndroidManifest.xml:21:27-74
35            </intent-filter>
36        </activity>
37        <activity
37-->src\main\AndroidManifest.xml:25:9-27:40
38            android:name="com.cadenza.shoeapp.profilePart.CusLoginActivity"
38-->src\main\AndroidManifest.xml:26:13-57
39            android:exported="false" />
39-->src\main\AndroidManifest.xml:27:13-37
40        <activity
40-->src\main\AndroidManifest.xml:28:9-30:40
41            android:name="com.cadenza.shoeapp.profilePart.CustomerRegPart"
41-->src\main\AndroidManifest.xml:29:13-56
42            android:exported="false" />
42-->src\main\AndroidManifest.xml:30:13-37
43        <activity
43-->src\main\AndroidManifest.xml:31:9-33:40
44            android:name="com.cadenza.shoeapp.SellerPart.SellerReviewActivity"
44-->src\main\AndroidManifest.xml:32:13-60
45            android:exported="false" />
45-->src\main\AndroidManifest.xml:33:13-37
46        <activity
46-->src\main\AndroidManifest.xml:34:9-36:40
47            android:name="com.cadenza.shoeapp.SellerPart.SellerListActivity"
47-->src\main\AndroidManifest.xml:35:13-58
48            android:exported="false" />
48-->src\main\AndroidManifest.xml:36:13-37
49        <activity
49-->src\main\AndroidManifest.xml:37:9-39:40
50            android:name="com.cadenza.shoeapp.Rate.RiviewRateActivity"
50-->src\main\AndroidManifest.xml:38:13-52
51            android:exported="false" />
51-->src\main\AndroidManifest.xml:39:13-37
52        <activity
52-->src\main\AndroidManifest.xml:40:9-42:40
53            android:name="com.cadenza.shoeapp.Rate.RatingActivity"
53-->src\main\AndroidManifest.xml:41:13-48
54            android:exported="false" />
54-->src\main\AndroidManifest.xml:42:13-37
55        <activity
55-->src\main\AndroidManifest.xml:43:9-45:40
56            android:name="com.cadenza.shoeapp.SellerPart.OfficeShoeUpload"
56-->src\main\AndroidManifest.xml:44:13-56
57            android:exported="false" />
57-->src\main\AndroidManifest.xml:45:13-37
58        <activity
58-->src\main\AndroidManifest.xml:46:9-48:40
59            android:name="com.cadenza.shoeapp.SellerPart.SportShoeUpload"
59-->src\main\AndroidManifest.xml:47:13-55
60            android:exported="false" />
60-->src\main\AndroidManifest.xml:48:13-37
61        <activity
61-->src\main\AndroidManifest.xml:49:9-53:20
62            android:name="com.cadenza.shoeapp.SellerPart.MainMenuInteface"
62-->src\main\AndroidManifest.xml:50:13-56
63            android:exported="true" >
63-->src\main\AndroidManifest.xml:51:13-36
64        </activity>
65        <activity
65-->src\main\AndroidManifest.xml:54:9-56:40
66            android:name="com.cadenza.shoeapp.SellerPart.SellerActivity"
66-->src\main\AndroidManifest.xml:55:13-54
67            android:exported="false" />
67-->src\main\AndroidManifest.xml:56:13-37
68        <activity
68-->src\main\AndroidManifest.xml:57:9-59:39
69            android:name="com.cadenza.shoeapp.SellerPart.LoginActivity"
69-->src\main\AndroidManifest.xml:58:13-53
70            android:exported="true" />
70-->src\main\AndroidManifest.xml:59:13-36
71        <activity
71-->src\main\AndroidManifest.xml:60:9-62:39
72            android:name="com.cadenza.shoeapp.SellerPart.RegisterActivity"
72-->src\main\AndroidManifest.xml:61:13-56
73            android:exported="true" />
73-->src\main\AndroidManifest.xml:62:13-36
74        <activity
74-->src\main\AndroidManifest.xml:63:9-65:39
75            android:name="com.cadenza.shoeapp.CustermerPart.item"
75-->src\main\AndroidManifest.xml:64:13-47
76            android:exported="true" />
76-->src\main\AndroidManifest.xml:65:13-36
77        <activity
77-->src\main\AndroidManifest.xml:66:9-68:40
78            android:name="com.cadenza.shoeapp.CustermerPart.UpdateOrder"
78-->src\main\AndroidManifest.xml:67:13-54
79            android:exported="false" />
79-->src\main\AndroidManifest.xml:68:13-37
80        <activity
80-->src\main\AndroidManifest.xml:69:9-71:40
81            android:name="com.cadenza.shoeapp.CustermerPart.OrderList"
81-->src\main\AndroidManifest.xml:70:13-52
82            android:exported="false" />
82-->src\main\AndroidManifest.xml:71:13-37
83        <activity
83-->src\main\AndroidManifest.xml:72:9-74:40
84            android:name="com.cadenza.shoeapp.CustermerPart.ReadData"
84-->src\main\AndroidManifest.xml:73:13-51
85            android:exported="false" />
85-->src\main\AndroidManifest.xml:74:13-37
86        <activity
86-->src\main\AndroidManifest.xml:75:9-77:40
87            android:name="com.cadenza.shoeapp.CustermerPart.EditOrder"
87-->src\main\AndroidManifest.xml:76:13-52
88            android:exported="false" />
88-->src\main\AndroidManifest.xml:77:13-37
89        <activity
89-->src\main\AndroidManifest.xml:78:9-80:40
90            android:name="com.cadenza.shoeapp.CustermerPart.MainActivity3"
90-->src\main\AndroidManifest.xml:79:13-56
91            android:exported="false" />
91-->src\main\AndroidManifest.xml:80:13-37
92        <activity
92-->src\main\AndroidManifest.xml:81:9-83:40
93            android:name="com.cadenza.shoeapp.CustermerPart.Order"
93-->src\main\AndroidManifest.xml:82:13-48
94            android:exported="false" />
94-->src\main\AndroidManifest.xml:83:13-37
95        <activity
95-->src\main\AndroidManifest.xml:84:9-86:39
96            android:name="com.cadenza.shoeapp.SellerPart.MainActivity"
96-->src\main\AndroidManifest.xml:85:13-52
97            android:exported="true" />
97-->src\main\AndroidManifest.xml:86:13-36
98        <activity
98-->[com.karumi:dexter:4.2.0] AndroidManifest.xml:27:9-29:72
99            android:name="com.karumi.dexter.DexterActivity"
99-->[com.karumi:dexter:4.2.0] AndroidManifest.xml:28:13-60
100            android:theme="@style/Dexter.Internal.Theme.Transparent" />
100-->[com.karumi:dexter:4.2.0] AndroidManifest.xml:29:13-69
101        <activity
101-->[com.google.firebase:firebase-auth:21.0.3] AndroidManifest.xml:27:9-44:20
102            android:name="com.google.firebase.auth.internal.GenericIdpActivity"
102-->[com.google.firebase:firebase-auth:21.0.3] AndroidManifest.xml:28:13-80
103            android:excludeFromRecents="true"
103-->[com.google.firebase:firebase-auth:21.0.3] AndroidManifest.xml:29:13-46
104            android:exported="true"
104-->[com.google.firebase:firebase-auth:21.0.3] AndroidManifest.xml:30:13-36
105            android:launchMode="singleTask"
105-->[com.google.firebase:firebase-auth:21.0.3] AndroidManifest.xml:31:13-44
106            android:theme="@android:style/Theme.Translucent.NoTitleBar" >
106-->[com.google.firebase:firebase-auth:21.0.3] AndroidManifest.xml:32:13-72
107            <intent-filter>
107-->[com.google.firebase:firebase-auth:21.0.3] AndroidManifest.xml:33:13-43:29
108                <action android:name="android.intent.action.VIEW" />
108-->[com.google.firebase:firebase-auth:21.0.3] AndroidManifest.xml:34:17-69
108-->[com.google.firebase:firebase-auth:21.0.3] AndroidManifest.xml:34:25-66
109
110                <category android:name="android.intent.category.DEFAULT" />
110-->[com.google.firebase:firebase-auth:21.0.3] AndroidManifest.xml:36:17-76
110-->[com.google.firebase:firebase-auth:21.0.3] AndroidManifest.xml:36:27-73
111                <category android:name="android.intent.category.BROWSABLE" />
111-->[com.google.firebase:firebase-auth:21.0.3] AndroidManifest.xml:37:17-78
111-->[com.google.firebase:firebase-auth:21.0.3] AndroidManifest.xml:37:27-75
112
113                <data
113-->[com.google.firebase:firebase-auth:21.0.3] AndroidManifest.xml:39:17-42:51
114                    android:host="firebase.auth"
114-->[com.google.firebase:firebase-auth:21.0.3] AndroidManifest.xml:40:21-49
115                    android:path="/"
115-->[com.google.firebase:firebase-auth:21.0.3] AndroidManifest.xml:41:21-37
116                    android:scheme="genericidp" />
116-->[com.google.firebase:firebase-auth:21.0.3] AndroidManifest.xml:42:21-48
117            </intent-filter>
118        </activity>
119        <activity
119-->[com.google.firebase:firebase-auth:21.0.3] AndroidManifest.xml:45:9-62:20
120            android:name="com.google.firebase.auth.internal.RecaptchaActivity"
120-->[com.google.firebase:firebase-auth:21.0.3] AndroidManifest.xml:46:13-79
121            android:excludeFromRecents="true"
121-->[com.google.firebase:firebase-auth:21.0.3] AndroidManifest.xml:47:13-46
122            android:exported="true"
122-->[com.google.firebase:firebase-auth:21.0.3] AndroidManifest.xml:48:13-36
123            android:launchMode="singleTask"
123-->[com.google.firebase:firebase-auth:21.0.3] AndroidManifest.xml:49:13-44
124            android:theme="@android:style/Theme.Translucent.NoTitleBar" >
124-->[com.google.firebase:firebase-auth:21.0.3] AndroidManifest.xml:50:13-72
125            <intent-filter>
125-->[com.google.firebase:firebase-auth:21.0.3] AndroidManifest.xml:51:13-61:29
126                <action android:name="android.intent.action.VIEW" />
126-->[com.google.firebase:firebase-auth:21.0.3] AndroidManifest.xml:34:17-69
126-->[com.google.firebase:firebase-auth:21.0.3] AndroidManifest.xml:34:25-66
127
128                <category android:name="android.intent.category.DEFAULT" />
128-->[com.google.firebase:firebase-auth:21.0.3] AndroidManifest.xml:36:17-76
128-->[com.google.firebase:firebase-auth:21.0.3] AndroidManifest.xml:36:27-73
129                <category android:name="android.intent.category.BROWSABLE" />
129-->[com.google.firebase:firebase-auth:21.0.3] AndroidManifest.xml:37:17-78
129-->[com.google.firebase:firebase-auth:21.0.3] AndroidManifest.xml:37:27-75
130
131                <data
131-->[com.google.firebase:firebase-auth:21.0.3] AndroidManifest.xml:39:17-42:51
132                    android:host="firebase.auth"
132-->[com.google.firebase:firebase-auth:21.0.3] AndroidManifest.xml:40:21-49
133                    android:path="/"
133-->[com.google.firebase:firebase-auth:21.0.3] AndroidManifest.xml:41:21-37
134                    android:scheme="recaptcha" />
134-->[com.google.firebase:firebase-auth:21.0.3] AndroidManifest.xml:42:21-48
135            </intent-filter>
136        </activity>
137
138        <service
138-->[com.google.firebase:firebase-auth:21.0.3] AndroidManifest.xml:64:9-70:19
139            android:name="com.google.firebase.components.ComponentDiscoveryService"
139-->[com.google.firebase:firebase-auth:21.0.3] AndroidManifest.xml:65:13-84
140            android:directBootAware="true"
140-->[com.google.firebase:firebase-common:20.1.0] AndroidManifest.xml:35:13-43
141            android:exported="false" >
141-->[com.google.firebase:firebase-auth:21.0.3] AndroidManifest.xml:66:13-37
142            <meta-data
142-->[com.google.firebase:firebase-auth:21.0.3] AndroidManifest.xml:67:13-69:85
143                android:name="com.google.firebase.components:com.google.firebase.auth.FirebaseAuthRegistrar"
143-->[com.google.firebase:firebase-auth:21.0.3] AndroidManifest.xml:68:17-109
144                android:value="com.google.firebase.components.ComponentRegistrar" />
144-->[com.google.firebase:firebase-auth:21.0.3] AndroidManifest.xml:69:17-82
145            <meta-data
145-->[com.google.firebase:firebase-firestore:24.1.1] AndroidManifest.xml:20:13-22:85
146                android:name="com.google.firebase.components:com.google.firebase.firestore.FirestoreRegistrar"
146-->[com.google.firebase:firebase-firestore:24.1.1] AndroidManifest.xml:21:17-111
147                android:value="com.google.firebase.components.ComponentRegistrar" />
147-->[com.google.firebase:firebase-firestore:24.1.1] AndroidManifest.xml:22:17-82
148            <meta-data
148-->[com.google.firebase:firebase-database:20.0.4] AndroidManifest.xml:32:13-34:85
149                android:name="com.google.firebase.components:com.google.firebase.database.DatabaseRegistrar"
149-->[com.google.firebase:firebase-database:20.0.4] AndroidManifest.xml:33:17-109
150                android:value="com.google.firebase.components.ComponentRegistrar" />
150-->[com.google.firebase:firebase-database:20.0.4] AndroidManifest.xml:34:17-82
151            <meta-data
151-->[com.google.firebase:firebase-storage:20.0.1] AndroidManifest.xml:33:13-35:85
152                android:name="com.google.firebase.components:com.google.firebase.storage.StorageRegistrar"
152-->[com.google.firebase:firebase-storage:20.0.1] AndroidManifest.xml:34:17-107
153                android:value="com.google.firebase.components.ComponentRegistrar" />
153-->[com.google.firebase:firebase-storage:20.0.1] AndroidManifest.xml:35:17-82
154            <meta-data
154-->[com.google.android.gms:play-services-measurement-api:20.1.2] AndroidManifest.xml:31:13-33:85
155                android:name="com.google.firebase.components:com.google.firebase.analytics.connector.internal.AnalyticsConnectorRegistrar"
155-->[com.google.android.gms:play-services-measurement-api:20.1.2] AndroidManifest.xml:32:17-139
156                android:value="com.google.firebase.components.ComponentRegistrar" />
156-->[com.google.android.gms:play-services-measurement-api:20.1.2] AndroidManifest.xml:33:17-82
157            <meta-data
157-->[com.google.firebase:firebase-installations:17.0.1] AndroidManifest.xml:18:13-20:85
158                android:name="com.google.firebase.components:com.google.firebase.installations.FirebaseInstallationsRegistrar"
158-->[com.google.firebase:firebase-installations:17.0.1] AndroidManifest.xml:19:17-127
159                android:value="com.google.firebase.components.ComponentRegistrar" />
159-->[com.google.firebase:firebase-installations:17.0.1] AndroidManifest.xml:20:17-82
160        </service>
161
162        <provider
162-->[com.squareup.picasso:picasso:2.71828] AndroidManifest.xml:8:9-11:40
163            android:name="com.squareup.picasso.PicassoProvider"
163-->[com.squareup.picasso:picasso:2.71828] AndroidManifest.xml:9:13-64
164            android:authorities="com.cadenza.shoeapp.com.squareup.picasso"
164-->[com.squareup.picasso:picasso:2.71828] AndroidManifest.xml:10:13-72
165            android:exported="false" />
165-->[com.squareup.picasso:picasso:2.71828] AndroidManifest.xml:11:13-37
166        <provider
166-->[com.google.firebase:firebase-common:20.1.0] AndroidManifest.xml:26:9-31:39
167            android:name="com.google.firebase.provider.FirebaseInitProvider"
167-->[com.google.firebase:firebase-common:20.1.0] AndroidManifest.xml:27:13-77
168            android:authorities="com.cadenza.shoeapp.firebaseinitprovider"
168-->[com.google.firebase:firebase-common:20.1.0] AndroidManifest.xml:28:13-72
169            android:directBootAware="true"
169-->[com.google.firebase:firebase-common:20.1.0] AndroidManifest.xml:29:13-43
170            android:exported="false"
170-->[com.google.firebase:firebase-common:20.1.0] AndroidManifest.xml:30:13-37
171            android:initOrder="100" />
171-->[com.google.firebase:firebase-common:20.1.0] AndroidManifest.xml:31:13-36
172
173        <activity
173-->[com.google.android.gms:play-services-base:18.0.1] AndroidManifest.xml:20:9-22:45
174            android:name="com.google.android.gms.common.api.GoogleApiActivity"
174-->[com.google.android.gms:play-services-base:18.0.1] AndroidManifest.xml:20:19-85
175            android:exported="false"
175-->[com.google.android.gms:play-services-base:18.0.1] AndroidManifest.xml:22:19-43
176            android:theme="@android:style/Theme.Translucent.NoTitleBar" />
176-->[com.google.android.gms:play-services-base:18.0.1] AndroidManifest.xml:21:19-78
177
178        <receiver
178-->[com.google.android.gms:play-services-measurement:20.1.2] AndroidManifest.xml:29:9-33:20
179            android:name="com.google.android.gms.measurement.AppMeasurementReceiver"
179-->[com.google.android.gms:play-services-measurement:20.1.2] AndroidManifest.xml:30:13-85
180            android:enabled="true"
180-->[com.google.android.gms:play-services-measurement:20.1.2] AndroidManifest.xml:31:13-35
181            android:exported="false" >
181-->[com.google.android.gms:play-services-measurement:20.1.2] AndroidManifest.xml:32:13-37
182        </receiver>
183
184        <service
184-->[com.google.android.gms:play-services-measurement:20.1.2] AndroidManifest.xml:35:9-38:40
185            android:name="com.google.android.gms.measurement.AppMeasurementService"
185-->[com.google.android.gms:play-services-measurement:20.1.2] AndroidManifest.xml:36:13-84
186            android:enabled="true"
186-->[com.google.android.gms:play-services-measurement:20.1.2] AndroidManifest.xml:37:13-35
187            android:exported="false" />
187-->[com.google.android.gms:play-services-measurement:20.1.2] AndroidManifest.xml:38:13-37
188        <service
188-->[com.google.android.gms:play-services-measurement:20.1.2] AndroidManifest.xml:39:9-43:72
189            android:name="com.google.android.gms.measurement.AppMeasurementJobService"
189-->[com.google.android.gms:play-services-measurement:20.1.2] AndroidManifest.xml:40:13-87
190            android:enabled="true"
190-->[com.google.android.gms:play-services-measurement:20.1.2] AndroidManifest.xml:41:13-35
191            android:exported="false"
191-->[com.google.android.gms:play-services-measurement:20.1.2] AndroidManifest.xml:42:13-37
192            android:permission="android.permission.BIND_JOB_SERVICE" />
192-->[com.google.android.gms:play-services-measurement:20.1.2] AndroidManifest.xml:43:13-69
193
194        <meta-data
194-->[com.google.android.gms:play-services-basement:18.0.0] AndroidManifest.xml:21:9-23:69
195            android:name="com.google.android.gms.version"
195-->[com.google.android.gms:play-services-basement:18.0.0] AndroidManifest.xml:22:13-58
196            android:value="@integer/google_play_services_version" />
196-->[com.google.android.gms:play-services-basement:18.0.0] AndroidManifest.xml:23:13-66
197
198        <provider
198-->[androidx.emoji2:emoji2:1.0.0] AndroidManifest.xml:26:9-34:20
199            android:name="androidx.startup.InitializationProvider"
199-->[androidx.emoji2:emoji2:1.0.0] AndroidManifest.xml:27:13-67
200            android:authorities="com.cadenza.shoeapp.androidx-startup"
200-->[androidx.emoji2:emoji2:1.0.0] AndroidManifest.xml:28:13-68
201            android:exported="false" >
201-->[androidx.emoji2:emoji2:1.0.0] AndroidManifest.xml:29:13-37
202            <meta-data
202-->[androidx.emoji2:emoji2:1.0.0] AndroidManifest.xml:31:13-33:52
203                android:name="androidx.emoji2.text.EmojiCompatInitializer"
203-->[androidx.emoji2:emoji2:1.0.0] AndroidManifest.xml:32:17-75
204                android:value="androidx.startup" />
204-->[androidx.emoji2:emoji2:1.0.0] AndroidManifest.xml:33:17-49
205            <meta-data
205-->[androidx.lifecycle:lifecycle-process:2.4.0] AndroidManifest.xml:31:13-33:52
206                android:name="androidx.lifecycle.ProcessLifecycleInitializer"
206-->[androidx.lifecycle:lifecycle-process:2.4.0] AndroidManifest.xml:32:17-78
207                android:value="androidx.startup" />
207-->[androidx.lifecycle:lifecycle-process:2.4.0] AndroidManifest.xml:33:17-49
208        </provider>
209    </application>
210
211</manifest>